<?xml version="1.0" encoding="UTF-8"?>
<!-- Generated by org.testng.reporters.JUnitReportReporter -->
<testsuite hostname="PREM-OPTIMUS" failures="0" tests="1" name="jenk.NewTest" time="9.899" errors="0" timestamp="11 Oct 2022 09:55:04 GMT" skipped="0">
  <testcase classname="jenk.NewTest" name="f" time="9.899"/>
</testsuite> <!-- jenk.NewTest -->
